<?xml version="1.0" encoding="UTF-8"?>
<!-- Generated by org.testng.reporters.JUnitReportReporter -->
<testsuite hostname="LAPTOP-3VE0IGJG" failures="0" tests="1" name="com.hrms.testscripts.testng_eg1" time="14.525" errors="0" timestamp="14 Feb 2025 17:33:47 GMT">
  <testcase classname="com.hrms.testscripts.testng_eg1" name="tc001" time="14.525"/>
</testsuite> <!-- com.hrms.testscripts.testng_eg1 -->
