<?xml version="1.0" encoding="UTF-8"?>
<!-- Generated by org.testng.reporters.JUnitReportReporter -->
<testsuite hostname="LAPTOP-3VE0IGJG" failures="0" tests="2" name="com.hrms.testscripts.eg_testng" time="0.013" errors="0" timestamp="14 Feb 2025 17:33:47 GMT">
  <testcase classname="com.hrms.testscripts.eg_testng" name="aa" time="0.008"/>
  <testcase classname="com.hrms.testscripts.eg_testng" name="ad" time="0.005"/>
</testsuite> <!-- com.hrms.testscripts.eg_testng -->
