<?xml version="1.0" encoding="UTF-8"?>
<!-- Generated by org.testng.reporters.JUnitReportReporter -->
<testsuite hostname="LAPTOP-3VE0IGJG" failures="0" tests="1" name="com.hrms.testscripts.TC001" time="23.890" errors="0" timestamp="14 Feb 2025 17:53:58 GMT">
  <testcase classname="com.hrms.testscripts.TC001" name="tc001" time="23.890"/>
</testsuite> <!-- com.hrms.testscripts.TC001 -->
